#
# A fatal error has been detected by the Java Runtime Environment:
#
#  EXCEPTION_ACCESS_VIOLATION (0xc0000005) at pc=0x000000005eadbce0, pid=13368, tid=13756
#
# JRE version: Java(TM) SE Runtime Environment (9.0+11) (build 9.0.4+11)
# Java VM: Java HotSpot(TM) 64-Bit Server VM (9.0.4+11, mixed mode, tiered, compressed oops, g1 gc, windows-amd64)
# Problematic frame:
# V  [jvm.dll+0x32bce0]
#
# No core dump will be written. Minidumps are not enabled by default on client versions of Windows
#
# If you would like to submit a bug report, please visit:
#   http://bugreport.java.com/bugreport/crash.jsp
#

---------------  S U M M A R Y ------------

Command Line: -agentlib:jdwp=transport=dt_socket,suspend=y,address=localhost:52045 -ea -Dfile.encoding=GBK org.eclipse.jdt.internal.junit.runner.RemoteTestRunner -version 3 -port 52044 -testLoaderClass org.eclipse.jdt.internal.junit4.runner.JUnit4TestLoader -loaderpluginname org.eclipse.jdt.junit4.runtime -classNames classTests.strategy.testRandom

Host: Intel(R) Core(TM) i7-6500U CPU @ 2.50GHz, 4 cores, 11G,  Windows 10 , 64 bit Build 17134 (10.0.17134.1)
Time: Wed Nov 28 23:48:22 2018 Eastern Standard Time elapsed time: 13426 seconds (0d 3h 43m 46s)

---------------  T H R E A D  ---------------

Current thread (0x0000021cf79e9000):  VMThread "VM Thread" [stack: 0x000000ea15e00000,0x000000ea15f00000] [id=13756]

Stack: [0x000000ea15e00000,0x000000ea15f00000],  sp=0x000000ea15efea90,  free space=1018k
Native frames: (J=compiled Java code, j=interpreted, Vv=VM code, C=native code)
V  [jvm.dll+0x32bce0]
V  [jvm.dll+0x327698]
V  [jvm.dll+0x341f4f]
V  [jvm.dll+0x34516d]
V  [jvm.dll+0x296ab0]
V  [jvm.dll+0x296ba9]
V  [jvm.dll+0x2f8791]
V  [jvm.dll+0x2f76f8]
V  [jvm.dll+0x2f4f18]
V  [jvm.dll+0x2f666e]
V  [jvm.dll+0x2f3e55]
V  [jvm.dll+0x2f3293]
V  [jvm.dll+0x5784ff]
V  [jvm.dll+0x57880c]
V  [jvm.dll+0x5786b3]
V  [jvm.dll+0x578eac]
V  [jvm.dll+0x5470aa]
V  [jvm.dll+0x465311]
V  [jvm.dll+0x6a366b]
V  [jvm.dll+0x6a1e05]
V  [jvm.dll+0x6a25e1]
V  [jvm.dll+0x6a28cc]
V  [jvm.dll+0x586490]
C  [msvcr120.dll+0x24f7f]
C  [msvcr120.dll+0x25126]
C  [KERNEL32.DLL+0x13034]
C  [ntdll.dll+0x71471]


siginfo: EXCEPTION_ACCESS_VIOLATION (0xc0000005), reading address 0xffffffffffffffff


Register to memory mapping:

RIP=0x000000005eadbce0 jvm.dll
RAX=0x6e417465671a0001 is an unknown value
RBX=0x0000021cf79e9000 is an unknown value
RCX=0x00000007c00016d0 is pointing into metadata
RDX=0x6e417465671a0001 is an unknown value
RSP=0x000000ea15efea90 is an unknown value
RBP=0x0000000000000003 is an unknown value
RSI=0x000000ea15efeb50 is an unknown value
RDI=0x0000000000000000 is an unknown value
R8 =0x0000021cf79e9000 is an unknown value
R9 =0x6e417465671a0001 is an unknown value
R10=0x0000000000000065 is an unknown value
R11=0x0000000000000065 is an unknown value
R12=0x0000000000000004 is an unknown value
R13=0x0000000000000000 is an unknown value
R14=0x0000000000000055 is an unknown value
R15=0x0000000000000001 is an unknown value


Registers:
RAX=0x6e417465671a0001, RBX=0x0000021cf79e9000, RCX=0x00000007c00016d0, RDX=0x6e417465671a0001
RSP=0x000000ea15efea90, RBP=0x0000000000000003, RSI=0x000000ea15efeb50, RDI=0x0000000000000000
R8 =0x0000021cf79e9000, R9 =0x6e417465671a0001, R10=0x0000000000000065, R11=0x0000000000000065
R12=0x0000000000000004, R13=0x0000000000000000, R14=0x0000000000000055, R15=0x0000000000000001
RIP=0x000000005eadbce0, EFLAGS=0x0000000000010246

Top of Stack: (sp=0x000000ea15efea90)
0x000000ea15efea90:   00000007c00016d0 2fffffff2fffffff
0x000000ea15efeaa0:   000000ea15eff1c0 0000021cf79e9000
0x000000ea15efeab0:   0000000000000000 000000005ead7698
0x000000ea15efeac0:   00000007c00016d0 0000021cf79e9000
0x000000ea15efead0:   000000ea15efeb50 0000021cf79e9000
0x000000ea15efeae0:   000000ea15efebc0 000000005eaf1f4f
0x000000ea15efeaf0:   0000021cf79e9000 0000000000000000
0x000000ea15efeb00:   0000000000000000 0000000000000000
0x000000ea15efeb10:   000000005f1076ec 0000021cf78b8170
0x000000ea15efeb20:   000000ea15efebc0 000000005eaf516d
0x000000ea15efeb30:   000000ea15efeb50 000000ea15efed20
0x000000ea15efeb40:   0000000000000055 000000005edafdec
0x000000ea15efeb50:   2fffffff4fffffff 2fffffff2fffffff
0x000000ea15efeb60:   0000021cf79e9000 000000ea15efed20
0x000000ea15efeb70:   0000000000000000 000000005ea46ab0
0x000000ea15efeb80:   000000ea15efed10 000000ea15eff201 

Instructions: (pc=0x000000005eadbce0)
0x000000005eadbcc0:   8b d8 e8 a9 88 d8 ff 48 83 7b 08 00 4c 8b c8 74
0x000000005eadbcd0:   04 33 ff eb 23 80 3d 39 bd 62 00 00 74 05 33 ff
0x000000005eadbce0:   89 78 0c 48 8d 4d fe 48 8d 78 10 48 85 c9 74 05
0x000000005eadbcf0:   33 c0 f3 48 ab 49 8b f9 48 83 7b 08 00 48 8b 74 


VM_Operation (0x000000ea168ff1d0): GetOrSetLocal, mode: safepoint, requested by thread 0x0000021cf7d8b800


---------------  P R O C E S S  ---------------

Java Threads: ( => current thread )
  0x0000021cf7dd2800 JavaThread "ReaderThread" [_thread_in_native, id=16896, stack(0x000000ea16d00000,0x000000ea16e00000)]
  0x0000021cf7d9e800 JavaThread "Service Thread" daemon [_thread_blocked, id=6508, stack(0x000000ea16b00000,0x000000ea16c00000)]
  0x0000021cf7d94000 JavaThread "JDWP Command Reader" daemon [_thread_in_native, id=11352, stack(0x000000ea16a00000,0x000000ea16b00000)]
  0x0000021cf7d90000 JavaThread "JDWP Event Helper Thread" daemon [_thread_blocked, id=12048, stack(0x000000ea16900000,0x000000ea16a00000)]
  0x0000021cf7d8b800 JavaThread "JDWP Transport Listener: dt_socket" daemon [_thread_blocked, id=16648, stack(0x000000ea16800000,0x000000ea16900000)]
  0x0000021cf7c50000 JavaThread "Common-Cleaner" daemon [_thread_blocked, id=8160, stack(0x000000ea16700000,0x000000ea16800000)]
  0x0000021cf7a88000 JavaThread "Sweeper thread" daemon [_thread_blocked, id=5592, stack(0x000000ea16600000,0x000000ea16700000)]
  0x0000021cf7a73000 JavaThread "C1 CompilerThread2" daemon [_thread_blocked, id=11864, stack(0x000000ea16500000,0x000000ea16600000)]
  0x0000021cf7a71800 JavaThread "C2 CompilerThread1" daemon [_thread_blocked, id=15708, stack(0x000000ea16400000,0x000000ea16500000)]
  0x0000021cf7a61000 JavaThread "C2 CompilerThread0" daemon [_thread_blocked, id=11236, stack(0x000000ea16300000,0x000000ea16400000)]
  0x0000021cf7a5d000 JavaThread "Attach Listener" daemon [_thread_blocked, id=12248, stack(0x000000ea16200000,0x000000ea16300000)]
  0x0000021cf7a5c000 JavaThread "Signal Dispatcher" daemon [_thread_blocked, id=10564, stack(0x000000ea16100000,0x000000ea16200000)]
  0x0000021cf79ea000 JavaThread "Finalizer" daemon [_thread_blocked, id=11796, stack(0x000000ea16000000,0x000000ea16100000)]
  0x0000021cf79fe000 JavaThread "Reference Handler" daemon [_thread_blocked, id=11700, stack(0x000000ea15f00000,0x000000ea16000000)]
  0x0000021cd1af4000 JavaThread "main" [_thread_blocked, id=13096, stack(0x000000ea15200000,0x000000ea15300000)]

Other Threads:
=>0x0000021cf79e9000 VMThread "VM Thread" [stack: 0x000000ea15e00000,0x000000ea15f00000] [id=13756]
  0x0000021cf7da1000 WatcherThread [stack: 0x000000ea16c00000,0x000000ea16d00000] [id=11224]
  0x0000021cd1b0b800 GCTaskThread "GC Thread#0" [stack: 0x000000ea15300000,0x000000ea15400000] [id=6724]
  0x0000021cd1b0d000 GCTaskThread "GC Thread#1" [stack: 0x000000ea15400000,0x000000ea15500000] [id=11680]
  0x0000021cd1b0f800 GCTaskThread "GC Thread#2" [stack: 0x000000ea15500000,0x000000ea15600000] [id=920]
  0x0000021cd1b1e800 GCTaskThread "GC Thread#3" [stack: 0x000000ea15600000,0x000000ea15700000] [id=8112]
  0x0000021cd1b5a800 ConcurrentGCThread "G1 Main Marker" [stack: 0x000000ea15c00000,0x000000ea15d00000] [id=2880]
  0x0000021cd1b60800 ConcurrentGCThread "G1 Marker#0" [stack: 0x000000ea15d00000,0x000000ea15e00000] [id=9336]
  0x0000021cd1b25800 ConcurrentGCThread "G1 Refine#0" [stack: 0x000000ea15a00000,0x000000ea15b00000] [id=17168]
  0x0000021cd1b23800 ConcurrentGCThread "G1 Refine#1" [stack: 0x000000ea15900000,0x000000ea15a00000] [id=10940]
  0x0000021cd1b22800 ConcurrentGCThread "G1 Refine#2" [stack: 0x000000ea15800000,0x000000ea15900000] [id=12452]
  0x0000021cd1b1f800 ConcurrentGCThread "G1 Refine#3" [stack: 0x000000ea15700000,0x000000ea15800000] [id=16024]
  0x0000021cd1b26800 ConcurrentGCThread "G1 Young RemSet Sampling" [stack: 0x000000ea15b00000,0x000000ea15c00000] [id=10976]

Threads with active compile tasks:

VM state:at safepoint (normal execution)

VM Mutex/Monitor currently owned by a thread:  ([mutex/lock_event])
[0x0000021cd1af06f0] Threads_lock - owner thread: 0x0000021cf79e9000

Heap address: 0x0000000702000000, size: 3040 MB, Compressed Oops mode: Zero based, Oop shift amount: 3
Narrow klass base: 0x0000000000000000, Narrow klass shift: 3
Compressed class space size: 1073741824 Address: 0x00000007c0000000

Heap:
 garbage-first heap   total 194560K, used 6144K [0x0000000702000000, 0x00000007021005f0, 0x00000007c0000000)
  region size 1024K, 7 young (7168K), 0 survivors (0K)
 Metaspace       used 10441K, capacity 10658K, committed 10880K, reserved 1058816K
  class space    used 981K, capacity 1027K, committed 1152K, reserved 1048576K
Heap Regions: E=young(eden), S=young(survivor), O=old, HS=humongous(starts), HC=humongous(continues), CS=collection set, F=free, A=archive, TS=gc time stamp, AC=allocation context, TAMS=top-at-mark-start (previous, next)
|   0|0x0000000702000000, 0x0000000702000000, 0x0000000702100000|  0%| F|  |TS  0|AC  0|TAMS 0x0000000702000000, 0x0000000702000000|
|   1|0x0000000702100000, 0x0000000702100000, 0x0000000702200000|  0%| F|  |TS  0|AC  0|TAMS 0x0000000702100000, 0x0000000702100000|
|   2|0x0000000702200000, 0x0000000702200000, 0x0000000702300000|  0%| F|  |TS  0|AC  0|TAMS 0x0000000702200000, 0x0000000702200000|
|   3|0x0000000702300000, 0x0000000702300000, 0x0000000702400000|  0%| F|  |TS  0|AC  0|TAMS 0x0000000702300000, 0x0000000702300000|
|   4|0x0000000702400000, 0x0000000702400000, 0x0000000702500000|  0%| F|  |TS  0|AC  0|TAMS 0x0000000702400000, 0x0000000702400000|
|   5|0x0000000702500000, 0x0000000702500000, 0x0000000702600000|  0%| F|  |TS  0|AC  0|TAMS 0x0000000702500000, 0x0000000702500000|
|   6|0x0000000702600000, 0x0000000702600000, 0x0000000702700000|  0%| F|  |TS  0|AC  0|TAMS 0x0000000702600000, 0x0000000702600000|
|   7|0x0000000702700000, 0x0000000702700000, 0x0000000702800000|  0%| F|  |TS  0|AC  0|TAMS 0x0000000702700000, 0x0000000702700000|
|   8|0x0000000702800000, 0x0000000702800000, 0x0000000702900000|  0%| F|  |TS  0|AC  0|TAMS 0x0000000702800000, 0x0000000702800000|
|   9|0x0000000702900000, 0x0000000702900000, 0x0000000702a00000|  0%| F|  |TS  0|AC  0|TAMS 0x0000000702900000, 0x0000000702900000|
|  10|0x0000000702a00000, 0x0000000702a00000, 0x0000000702b00000|  0%| F|  |TS  0|AC  0|TAMS 0x0000000702a00000, 0x0000000702a00000|
|  11|0x0000000702b00000, 0x0000000702b00000, 0x0000000702c00000|  0%| F|  |TS  0|AC  0|TAMS 0x0000000702b00000, 0x0000000702b00000|
|  12|0x0000000702c00000, 0x0000000702c00000, 0x0000000702d00000|  0%| F|  |TS  0|AC  0|TAMS 0x0000000702c00000, 0x0000000702c00000|
|  13|0x0000000702d00000, 0x0000000702d00000, 0x0000000702e00000|  0%| F|  |TS  0|AC  0|TAMS 0x0000000702d00000, 0x0000000702d00000|
|  14|0x0000000702e00000, 0x0000000702e00000, 0x0000000702f00000|  0%| F|  |TS  0|AC  0|TAMS 0x0000000702e00000, 0x0000000702e00000|
|  15|0x0000000702f00000, 0x0000000702f00000, 0x0000000703000000|  0%| F|  |TS  0|AC  0|TAMS 0x0000000702f00000, 0x0000000702f00000|
|  16|0x0000000703000000, 0x0000000703000000, 0x0000000703100000|  0%| F|  |TS  0|AC  0|TAMS 0x0000000703000000, 0x0000000703000000|
|  17|0x0000000703100000, 0x0000000703100000, 0x0000000703200000|  0%| F|  |TS  0|AC  0|TAMS 0x0000000703100000, 0x0000000703100000|
|  18|0x0000000703200000, 0x0000000703200000, 0x0000000703300000|  0%| F|  |TS  0|AC  0|TAMS 0x0000000703200000, 0x0000000703200000|
|  19|0x0000000703300000, 0x0000000703300000, 0x0000000703400000|  0%| F|  |TS  0|AC  0|TAMS 0x0000000703300000, 0x0000000703300000|
|  20|0x0000000703400000, 0x0000000703400000, 0x0000000703500000|  0%| F|  |TS  0|AC  0|TAMS 0x0000000703400000, 0x0000000703400000|
|  21|0x0000000703500000, 0x0000000703500000, 0x0000000703600000|  0%| F|  |TS  0|AC  0|TAMS 0x0000000703500000, 0x0000000703500000|
|  22|0x0000000703600000, 0x0000000703600000, 0x0000000703700000|  0%| F|  |TS  0|AC  0|TAMS 0x0000000703600000, 0x0000000703600000|
|  23|0x0000000703700000, 0x0000000703700000, 0x0000000703800000|  0%| F|  |TS  0|AC  0|TAMS 0x0000000703700000, 0x0000000703700000|
|  24|0x0000000703800000, 0x0000000703800000, 0x0000000703900000|  0%| F|  |TS  0|AC  0|TAMS 0x0000000703800000, 0x0000000703800000|
|  25|0x0000000703900000, 0x0000000703900000, 0x0000000703a00000|  0%| F|  |TS  0|AC  0|TAMS 0x0000000703900000, 0x0000000703900000|
|  26|0x0000000703a00000, 0x0000000703a00000, 0x0000000703b00000|  0%| F|  |TS  0|AC  0|TAMS 0x0000000703a00000, 0x0000000703a00000|
|  27|0x0000000703b00000, 0x0000000703b00000, 0x0000000703c00000|  0%| F|  |TS  0|AC  0|TAMS 0x0000000703b00000, 0x0000000703b00000|
|  28|0x0000000703c00000, 0x0000000703c00000, 0x0000000703d00000|  0%| F|  |TS  0|AC  0|TAMS 0x0000000703c00000, 0x0000000703c00000|
|  29|0x0000000703d00000, 0x0000000703d00000, 0x0000000703e00000|  0%| F|  |TS  0|AC  0|TAMS 0x0000000703d00000, 0x0000000703d00000|
|  30|0x0000000703e00000, 0x0000000703e00000, 0x0000000703f00000|  0%| F|  |TS  0|AC  0|TAMS 0x0000000703e00000, 0x0000000703e00000|
|  31|0x0000000703f00000, 0x0000000703f00000, 0x0000000704000000|  0%| F|  |TS  0|AC  0|TAMS 0x0000000703f00000, 0x0000000703f00000|
|  32|0x0000000704000000, 0x0000000704000000, 0x0000000704100000|  0%| F|  |TS  0|AC  0|TAMS 0x0000000704000000, 0x0000000704000000|
|  33|0x0000000704100000, 0x0000000704100000, 0x0000000704200000|  0%| F|  |TS  0|AC  0|TAMS 0x0000000704100000, 0x0000000704100000|
|  34|0x0000000704200000, 0x0000000704200000, 0x0000000704300000|  0%| F|  |TS  0|AC  0|TAMS 0x0000000704200000, 0x0000000704200000|
|  35|0x0000000704300000, 0x0000000704300000, 0x0000000704400000|  0%| F|  |TS  0|AC  0|TAMS 0x0000000704300000, 0x0000000704300000|
|  36|0x0000000704400000, 0x0000000704400000, 0x0000000704500000|  0%| F|  |TS  0|AC  0|TAMS 0x0000000704400000, 0x0000000704400000|
|  37|0x0000000704500000, 0x0000000704500000, 0x0000000704600000|  0%| F|  |TS  0|AC  0|TAMS 0x0000000704500000, 0x0000000704500000|
|  38|0x0000000704600000, 0x0000000704600000, 0x0000000704700000|  0%| F|  |TS  0|AC  0|TAMS 0x0000000704600000, 0x0000000704600000|
|  39|0x0000000704700000, 0x0000000704700000, 0x0000000704800000|  0%| F|  |TS  0|AC  0|TAMS 0x0000000704700000, 0x0000000704700000|
|  40|0x0000000704800000, 0x0000000704800000, 0x0000000704900000|  0%| F|  |TS  0|AC  0|TAMS 0x0000000704800000, 0x0000000704800000|
|  41|0x0000000704900000, 0x0000000704900000, 0x0000000704a00000|  0%| F|  |TS  0|AC  0|TAMS 0x0000000704900000, 0x0000000704900000|
|  42|0x0000000704a00000, 0x0000000704a00000, 0x0000000704b00000|  0%| F|  |TS  0|AC  0|TAMS 0x0000000704a00000, 0x0000000704a00000|
|  43|0x0000000704b00000, 0x0000000704b00000, 0x0000000704c00000|  0%| F|  |TS  0|AC  0|TAMS 0x0000000704b00000, 0x0000000704b00000|
|  44|0x0000000704c00000, 0x0000000704c00000, 0x0000000704d00000|  0%| F|  |TS  0|AC  0|TAMS 0x0000000704c00000, 0x0000000704c00000|
|  45|0x0000000704d00000, 0x0000000704d00000, 0x0000000704e00000|  0%| F|  |TS  0|AC  0|TAMS 0x0000000704d00000, 0x0000000704d00000|
|  46|0x0000000704e00000, 0x0000000704e00000, 0x0000000704f00000|  0%| F|  |TS  0|AC  0|TAMS 0x0000000704e00000, 0x0000000704e00000|
|  47|0x0000000704f00000, 0x0000000704f00000, 0x0000000705000000|  0%| F|  |TS  0|AC  0|TAMS 0x0000000704f00000, 0x0000000704f00000|
|  48|0x0000000705000000, 0x0000000705000000, 0x0000000705100000|  0%| F|  |TS  0|AC  0|TAMS 0x0000000705000000, 0x0000000705000000|
|  49|0x0000000705100000, 0x0000000705100000, 0x0000000705200000|  0%| F|  |TS  0|AC  0|TAMS 0x0000000705100000, 0x0000000705100000|
|  50|0x0000000705200000, 0x0000000705200000, 0x0000000705300000|  0%| F|  |TS  0|AC  0|TAMS 0x0000000705200000, 0x0000000705200000|
|  51|0x0000000705300000, 0x0000000705300000, 0x0000000705400000|  0%| F|  |TS  0|AC  0|TAMS 0x0000000705300000, 0x0000000705300000|
|  52|0x0000000705400000, 0x0000000705400000, 0x0000000705500000|  0%| F|  |TS  0|AC  0|TAMS 0x0000000705400000, 0x0000000705400000|
|  53|0x0000000705500000, 0x0000000705500000, 0x0000000705600000|  0%| F|  |TS  0|AC  0|TAMS 0x0000000705500000, 0x0000000705500000|
|  54|0x0000000705600000, 0x0000000705600000, 0x0000000705700000|  0%| F|  |TS  0|AC  0|TAMS 0x0000000705600000, 0x0000000705600000|
|  55|0x0000000705700000, 0x0000000705700000, 0x0000000705800000|  0%| F|  |TS  0|AC  0|TAMS 0x0000000705700000, 0x0000000705700000|
|  56|0x0000000705800000, 0x0000000705800000, 0x0000000705900000|  0%| F|  |TS  0|AC  0|TAMS 0x0000000705800000, 0x0000000705800000|
|  57|0x0000000705900000, 0x0000000705900000, 0x0000000705a00000|  0%| F|  |TS  0|AC  0|TAMS 0x0000000705900000, 0x0000000705900000|
|  58|0x0000000705a00000, 0x0000000705a00000, 0x0000000705b00000|  0%| F|  |TS  0|AC  0|TAMS 0x0000000705a00000, 0x0000000705a00000|
|  59|0x0000000705b00000, 0x0000000705b00000, 0x0000000705c00000|  0%| F|  |TS  0|AC  0|TAMS 0x0000000705b00000, 0x0000000705b00000|
|  60|0x0000000705c00000, 0x0000000705c00000, 0x0000000705d00000|  0%| F|  |TS  0|AC  0|TAMS 0x0000000705c00000, 0x0000000705c00000|
|  61|0x0000000705d00000, 0x0000000705d00000, 0x0000000705e00000|  0%| F|  |TS  0|AC  0|TAMS 0x0000000705d00000, 0x0000000705d00000|
|  62|0x0000000705e00000, 0x0000000705e00000, 0x0000000705f00000|  0%| F|  |TS  0|AC  0|TAMS 0x0000000705e00000, 0x0000000705e00000|
|  63|0x0000000705f00000, 0x0000000705f00000, 0x0000000706000000|  0%| F|  |TS  0|AC  0|TAMS 0x0000000705f00000, 0x0000000705f00000|
|  64|0x0000000706000000, 0x0000000706000000, 0x0000000706100000|  0%| F|  |TS  0|AC  0|TAMS 0x0000000706000000, 0x0000000706000000|
|  65|0x0000000706100000, 0x0000000706100000, 0x0000000706200000|  0%| F|  |TS  0|AC  0|TAMS 0x0000000706100000, 0x0000000706100000|
|  66|0x0000000706200000, 0x0000000706200000, 0x0000000706300000|  0%| F|  |TS  0|AC  0|TAMS 0x0000000706200000, 0x0000000706200000|
|  67|0x0000000706300000, 0x0000000706300000, 0x0000000706400000|  0%| F|  |TS  0|AC  0|TAMS 0x0000000706300000, 0x0000000706300000|
|  68|0x0000000706400000, 0x0000000706400000, 0x0000000706500000|  0%| F|  |TS  0|AC  0|TAMS 0x0000000706400000, 0x0000000706400000|
|  69|0x0000000706500000, 0x0000000706500000, 0x0000000706600000|  0%| F|  |TS  0|AC  0|TAMS 0x0000000706500000, 0x0000000706500000|
|  70|0x0000000706600000, 0x0000000706600000, 0x0000000706700000|  0%| F|  |TS  0|AC  0|TAMS 0x0000000706600000, 0x0000000706600000|
|  71|0x0000000706700000, 0x0000000706700000, 0x0000000706800000|  0%| F|  |TS  0|AC  0|TAMS 0x0000000706700000, 0x0000000706700000|
|  72|0x0000000706800000, 0x0000000706800000, 0x0000000706900000|  0%| F|  |TS  0|AC  0|TAMS 0x0000000706800000, 0x0000000706800000|
|  73|0x0000000706900000, 0x0000000706900000, 0x0000000706a00000|  0%| F|  |TS  0|AC  0|TAMS 0x0000000706900000, 0x0000000706900000|
|  74|0x0000000706a00000, 0x0000000706a00000, 0x0000000706b00000|  0%| F|  |TS  0|AC  0|TAMS 0x0000000706a00000, 0x0000000706a00000|
|  75|0x0000000706b00000, 0x0000000706b00000, 0x0000000706c00000|  0%| F|  |TS  0|AC  0|TAMS 0x0000000706b00000, 0x0000000706b00000|
|  76|0x0000000706c00000, 0x0000000706c00000, 0x0000000706d00000|  0%| F|  |TS  0|AC  0|TAMS 0x0000000706c00000, 0x0000000706c00000|
|  77|0x0000000706d00000, 0x0000000706d00000, 0x0000000706e00000|  0%| F|  |TS  0|AC  0|TAMS 0x0000000706d00000, 0x0000000706d00000|
|  78|0x0000000706e00000, 0x0000000706e00000, 0x0000000706f00000|  0%| F|  |TS  0|AC  0|TAMS 0x0000000706e00000, 0x0000000706e00000|
|  79|0x0000000706f00000, 0x0000000706f00000, 0x0000000707000000|  0%| F|  |TS  0|AC  0|TAMS 0x0000000706f00000, 0x0000000706f00000|
|  80|0x0000000707000000, 0x0000000707000000, 0x0000000707100000|  0%| F|  |TS  0|AC  0|TAMS 0x0000000707000000, 0x0000000707000000|
|  81|0x0000000707100000, 0x0000000707100000, 0x0000000707200000|  0%| F|  |TS  0|AC  0|TAMS 0x0000000707100000, 0x0000000707100000|
|  82|0x0000000707200000, 0x0000000707200000, 0x0000000707300000|  0%| F|  |TS  0|AC  0|TAMS 0x0000000707200000, 0x0000000707200000|
|  83|0x0000000707300000, 0x0000000707300000, 0x0000000707400000|  0%| F|  |TS  0|AC  0|TAMS 0x0000000707300000, 0x0000000707300000|
|  84|0x0000000707400000, 0x0000000707400000, 0x0000000707500000|  0%| F|  |TS  0|AC  0|TAMS 0x0000000707400000, 0x0000000707400000|
|  85|0x0000000707500000, 0x0000000707500000, 0x0000000707600000|  0%| F|  |TS  0|AC  0|TAMS 0x0000000707500000, 0x0000000707500000|
|  86|0x0000000707600000, 0x0000000707600000, 0x0000000707700000|  0%| F|  |TS  0|AC  0|TAMS 0x0000000707600000, 0x0000000707600000|
|  87|0x0000000707700000, 0x0000000707700000, 0x0000000707800000|  0%| F|  |TS  0|AC  0|TAMS 0x0000000707700000, 0x0000000707700000|
|  88|0x0000000707800000, 0x0000000707800000, 0x0000000707900000|  0%| F|  |TS  0|AC  0|TAMS 0x0000000707800000, 0x0000000707800000|
|  89|0x0000000707900000, 0x0000000707900000, 0x0000000707a00000|  0%| F|  |TS  0|AC  0|TAMS 0x0000000707900000, 0x0000000707900000|
|  90|0x0000000707a00000, 0x0000000707a00000, 0x0000000707b00000|  0%| F|  |TS  0|AC  0|TAMS 0x0000000707a00000, 0x0000000707a00000|
|  91|0x0000000707b00000, 0x0000000707b00000, 0x0000000707c00000|  0%| F|  |TS  0|AC  0|TAMS 0x0000000707b00000, 0x0000000707b00000|
|  92|0x0000000707c00000, 0x0000000707c00000, 0x0000000707d00000|  0%| F|  |TS  0|AC  0|TAMS 0x0000000707c00000, 0x0000000707c00000|
|  93|0x0000000707d00000, 0x0000000707d00000, 0x0000000707e00000|  0%| F|  |TS  0|AC  0|TAMS 0x0000000707d00000, 0x0000000707d00000|
|  94|0x0000000707e00000, 0x0000000707e00000, 0x0000000707f00000|  0%| F|  |TS  0|AC  0|TAMS 0x0000000707e00000, 0x0000000707e00000|
|  95|0x0000000707f00000, 0x0000000707f00000, 0x0000000708000000|  0%| F|  |TS  0|AC  0|TAMS 0x0000000707f00000, 0x0000000707f00000|
|  96|0x0000000708000000, 0x0000000708000000, 0x0000000708100000|  0%| F|  |TS  0|AC  0|TAMS 0x0000000708000000, 0x0000000708000000|
|  97|0x0000000708100000, 0x0000000708100000, 0x0000000708200000|  0%| F|  |TS  0|AC  0|TAMS 0x0000000708100000, 0x0000000708100000|
|  98|0x0000000708200000, 0x0000000708200000, 0x0000000708300000|  0%| F|  |TS  0|AC  0|TAMS 0x0000000708200000, 0x0000000708200000|
|  99|0x0000000708300000, 0x0000000708300000, 0x0000000708400000|  0%| F|  |TS  0|AC  0|TAMS 0x0000000708300000, 0x0000000708300000|
| 100|0x0000000708400000, 0x0000000708400000, 0x0000000708500000|  0%| F|  |TS  0|AC  0|TAMS 0x0000000708400000, 0x0000000708400000|
| 101|0x0000000708500000, 0x0000000708500000, 0x0000000708600000|  0%| F|  |TS  0|AC  0|TAMS 0x0000000708500000, 0x0000000708500000|
| 102|0x0000000708600000, 0x0000000708600000, 0x0000000708700000|  0%| F|  |TS  0|AC  0|TAMS 0x0000000708600000, 0x0000000708600000|
| 103|0x0000000708700000, 0x0000000708700000, 0x0000000708800000|  0%| F|  |TS  0|AC  0|TAMS 0x0000000708700000, 0x0000000708700000|
| 104|0x0000000708800000, 0x0000000708800000, 0x0000000708900000|  0%| F|  |TS  0|AC  0|TAMS 0x0000000708800000, 0x0000000708800000|
| 105|0x0000000708900000, 0x0000000708900000, 0x0000000708a00000|  0%| F|  |TS  0|AC  0|TAMS 0x0000000708900000, 0x0000000708900000|
| 106|0x0000000708a00000, 0x0000000708a00000, 0x0000000708b00000|  0%| F|  |TS  0|AC  0|TAMS 0x0000000708a00000, 0x0000000708a00000|
| 107|0x0000000708b00000, 0x0000000708b00000, 0x0000000708c00000|  0%| F|  |TS  0|AC  0|TAMS 0x0000000708b00000, 0x0000000708b00000|
| 108|0x0000000708c00000, 0x0000000708c00000, 0x0000000708d00000|  0%| F|  |TS  0|AC  0|TAMS 0x0000000708c00000, 0x0000000708c00000|
| 109|0x0000000708d00000, 0x0000000708d00000, 0x0000000708e00000|  0%| F|  |TS  0|AC  0|TAMS 0x0000000708d00000, 0x0000000708d00000|
| 110|0x0000000708e00000, 0x0000000708e00000, 0x0000000708f00000|  0%| F|  |TS  0|AC  0|TAMS 0x0000000708e00000, 0x0000000708e00000|
| 111|0x0000000708f00000, 0x0000000708f00000, 0x0000000709000000|  0%| F|  |TS  0|AC  0|TAMS 0x0000000708f00000, 0x0000000708f00000|
| 112|0x0000000709000000, 0x0000000709000000, 0x0000000709100000|  0%| F|  |TS  0|AC  0|TAMS 0x0000000709000000, 0x0000000709000000|
| 113|0x0000000709100000, 0x0000000709100000, 0x0000000709200000|  0%| F|  |TS  0|AC  0|TAMS 0x0000000709100000, 0x0000000709100000|
| 114|0x0000000709200000, 0x0000000709200000, 0x0000000709300000|  0%| F|  |TS  0|AC  0|TAMS 0x0000000709200000, 0x0000000709200000|
| 115|0x0000000709300000, 0x0000000709300000, 0x0000000709400000|  0%| F|  |TS  0|AC  0|TAMS 0x0000000709300000, 0x0000000709300000|
| 116|0x0000000709400000, 0x0000000709400000, 0x0000000709500000|  0%| F|  |TS  0|AC  0|TAMS 0x0000000709400000, 0x0000000709400000|
| 117|0x0000000709500000, 0x0000000709500000, 0x0000000709600000|  0%| F|  |TS  0|AC  0|TAMS 0x0000000709500000, 0x0000000709500000|
| 118|0x0000000709600000, 0x0000000709600000, 0x0000000709700000|  0%| F|  |TS  0|AC  0|TAMS 0x0000000709600000, 0x0000000709600000|
| 119|0x0000000709700000, 0x0000000709700000, 0x0000000709800000|  0%| F|  |TS  0|AC  0|TAMS 0x0000000709700000, 0x0000000709700000|
| 120|0x0000000709800000, 0x0000000709800000, 0x0000000709900000|  0%| F|  |TS  0|AC  0|TAMS 0x0000000709800000, 0x0000000709800000|
| 121|0x0000000709900000, 0x0000000709900000, 0x0000000709a00000|  0%| F|  |TS  0|AC  0|TAMS 0x0000000709900000, 0x0000000709900000|
| 122|0x0000000709a00000, 0x0000000709a00000, 0x0000000709b00000|  0%| F|  |TS  0|AC  0|TAMS 0x0000000709a00000, 0x0000000709a00000|
| 123|0x0000000709b00000, 0x0000000709b00000, 0x0000000709c00000|  0%| F|  |TS  0|AC  0|TAMS 0x0000000709b00000, 0x0000000709b00000|
| 124|0x0000000709c00000, 0x0000000709c00000, 0x0000000709d00000|  0%| F|  |TS  0|AC  0|TAMS 0x0000000709c00000, 0x0000000709c00000|
| 125|0x0000000709d00000, 0x0000000709d00000, 0x0000000709e00000|  0%| F|  |TS  0|AC  0|TAMS 0x0000000709d00000, 0x0000000709d00000|
| 126|0x0000000709e00000, 0x0000000709e00000, 0x0000000709f00000|  0%| F|  |TS  0|AC  0|TAMS 0x0000000709e00000, 0x0000000709e00000|
| 127|0x0000000709f00000, 0x0000000709f00000, 0x000000070a000000|  0%| F|  |TS  0|AC  0|TAMS 0x0000000709f00000, 0x0000000709f00000|
| 128|0x000000070a000000, 0x000000070a000000, 0x000000070a100000|  0%| F|  |TS  0|AC  0|TAMS 0x000000070a000000, 0x000000070a000000|
| 129|0x000000070a100000, 0x000000070a100000, 0x000000070a200000|  0%| F|  |TS  0|AC  0|TAMS 0x000000070a100000, 0x000000070a100000|
| 130|0x000000070a200000, 0x000000070a200000, 0x000000070a300000|  0%| F|  |TS  0|AC  0|TAMS 0x000000070a200000, 0x000000070a200000|
| 131|0x000000070a300000, 0x000000070a300000, 0x000000070a400000|  0%| F|  |TS  0|AC  0|TAMS 0x000000070a300000, 0x000000070a300000|
| 132|0x000000070a400000, 0x000000070a400000, 0x000000070a500000|  0%| F|  |TS  0|AC  0|TAMS 0x000000070a400000, 0x000000070a400000|
| 133|0x000000070a500000, 0x000000070a500000, 0x000000070a600000|  0%| F|  |TS  0|AC  0|TAMS 0x000000070a500000, 0x000000070a500000|
| 134|0x000000070a600000, 0x000000070a600000, 0x000000070a700000|  0%| F|  |TS  0|AC  0|TAMS 0x000000070a600000, 0x000000070a600000|
| 135|0x000000070a700000, 0x000000070a700000, 0x000000070a800000|  0%| F|  |TS  0|AC  0|TAMS 0x000000070a700000, 0x000000070a700000|
| 136|0x000000070a800000, 0x000000070a800000, 0x000000070a900000|  0%| F|  |TS  0|AC  0|TAMS 0x000000070a800000, 0x000000070a800000|
| 137|0x000000070a900000, 0x000000070a900000, 0x000000070aa00000|  0%| F|  |TS  0|AC  0|TAMS 0x000000070a900000, 0x000000070a900000|
| 138|0x000000070aa00000, 0x000000070aa00000, 0x000000070ab00000|  0%| F|  |TS  0|AC  0|TAMS 0x000000070aa00000, 0x000000070aa00000|
| 139|0x000000070ab00000, 0x000000070ab00000, 0x000000070ac00000|  0%| F|  |TS  0|AC  0|TAMS 0x000000070ab00000, 0x000000070ab00000|
| 140|0x000000070ac00000, 0x000000070ac00000, 0x000000070ad00000|  0%| F|  |TS  0|AC  0|TAMS 0x000000070ac00000, 0x000000070ac00000|
| 141|0x000000070ad00000, 0x000000070ad00000, 0x000000070ae00000|  0%| F|  |TS  0|AC  0|TAMS 0x000000070ad00000, 0x000000070ad00000|
| 142|0x000000070ae00000, 0x000000070ae00000, 0x000000070af00000|  0%| F|  |TS  0|AC  0|TAMS 0x000000070ae00000, 0x000000070ae00000|
| 143|0x000000070af00000, 0x000000070af00000, 0x000000070b000000|  0%| F|  |TS  0|AC  0|TAMS 0x000000070af00000, 0x000000070af00000|
| 144|0x000000070b000000, 0x000000070b000000, 0x000000070b100000|  0%| F|  |TS  0|AC  0|TAMS 0x000000070b000000, 0x000000070b000000|
| 145|0x000000070b100000, 0x000000070b100000, 0x000000070b200000|  0%| F|  |TS  0|AC  0|TAMS 0x000000070b100000, 0x000000070b100000|
| 146|0x000000070b200000, 0x000000070b200000, 0x000000070b300000|  0%| F|  |TS  0|AC  0|TAMS 0x000000070b200000, 0x000000070b200000|
| 147|0x000000070b300000, 0x000000070b300000, 0x000000070b400000|  0%| F|  |TS  0|AC  0|TAMS 0x000000070b300000, 0x000000070b300000|
| 148|0x000000070b400000, 0x000000070b400000, 0x000000070b500000|  0%| F|  |TS  0|AC  0|TAMS 0x000000070b400000, 0x000000070b400000|
| 149|0x000000070b500000, 0x000000070b500000, 0x000000070b600000|  0%| F|  |TS  0|AC  0|TAMS 0x000000070b500000, 0x000000070b500000|
| 150|0x000000070b600000, 0x000000070b600000, 0x000000070b700000|  0%| F|  |TS  0|AC  0|TAMS 0x000000070b600000, 0x000000070b600000|
| 151|0x000000070b700000, 0x000000070b700000, 0x000000070b800000|  0%| F|  |TS  0|AC  0|TAMS 0x000000070b700000, 0x000000070b700000|
| 152|0x000000070b800000, 0x000000070b800000, 0x000000070b900000|  0%| F|  |TS  0|AC  0|TAMS 0x000000070b800000, 0x000000070b800000|
| 153|0x000000070b900000, 0x000000070b900000, 0x000000070ba00000|  0%| F|  |TS  0|AC  0|TAMS 0x000000070b900000, 0x000000070b900000|
| 154|0x000000070ba00000, 0x000000070ba00000, 0x000000070bb00000|  0%| F|  |TS  0|AC  0|TAMS 0x000000070ba00000, 0x000000070ba00000|
| 155|0x000000070bb00000, 0x000000070bb00000, 0x000000070bc00000|  0%| F|  |TS  0|AC  0|TAMS 0x000000070bb00000, 0x000000070bb00000|
| 156|0x000000070bc00000, 0x000000070bc00000, 0x000000070bd00000|  0%| F|  |TS  0|AC  0|TAMS 0x000000070bc00000, 0x000000070bc00000|
| 157|0x000000070bd00000, 0x000000070bd00000, 0x000000070be00000|  0%| F|  |TS  0|AC  0|TAMS 0x000000070bd00000, 0x000000070bd00000|
| 158|0x000000070be00000, 0x000000070be00000, 0x000000070bf00000|  0%| F|  |TS  0|AC  0|TAMS 0x000000070be00000, 0x000000070be00000|
| 159|0x000000070bf00000, 0x000000070bf00000, 0x000000070c000000|  0%| F|  |TS  0|AC  0|TAMS 0x000000070bf00000, 0x000000070bf00000|
| 160|0x000000070c000000, 0x000000070c000000, 0x000000070c100000|  0%| F|  |TS  0|AC  0|TAMS 0x000000070c000000, 0x000000070c000000|
| 161|0x000000070c100000, 0x000000070c100000, 0x000000070c200000|  0%| F|  |TS  0|AC  0|TAMS 0x000000070c100000, 0x000000070c100000|
| 162|0x000000070c200000, 0x000000070c200000, 0x000000070c300000|  0%| F|  |TS  0|AC  0|TAMS 0x000000070c200000, 0x000000070c200000|
| 163|0x000000070c300000, 0x000000070c300000, 0x000000070c400000|  0%| F|  |TS  0|AC  0|TAMS 0x000000070c300000, 0x000000070c300000|
| 164|0x000000070c400000, 0x000000070c400000, 0x000000070c500000|  0%| F|  |TS  0|AC  0|TAMS 0x000000070c400000, 0x000000070c400000|
| 165|0x000000070c500000, 0x000000070c500000, 0x000000070c600000|  0%| F|  |TS  0|AC  0|TAMS 0x000000070c500000, 0x000000070c500000|
| 166|0x000000070c600000, 0x000000070c600000, 0x000000070c700000|  0%| F|  |TS  0|AC  0|TAMS 0x000000070c600000, 0x000000070c600000|
| 167|0x000000070c700000, 0x000000070c700000, 0x000000070c800000|  0%| F|  |TS  0|AC  0|TAMS 0x000000070c700000, 0x000000070c700000|
| 168|0x000000070c800000, 0x000000070c800000, 0x000000070c900000|  0%| F|  |TS  0|AC  0|TAMS 0x000000070c800000, 0x000000070c800000|
| 169|0x000000070c900000, 0x000000070c900000, 0x000000070ca00000|  0%| F|  |TS  0|AC  0|TAMS 0x000000070c900000, 0x000000070c900000|
| 170|0x000000070ca00000, 0x000000070ca00000, 0x000000070cb00000|  0%| F|  |TS  0|AC  0|TAMS 0x000000070ca00000, 0x000000070ca00000|
| 171|0x000000070cb00000, 0x000000070cb00000, 0x000000070cc00000|  0%| F|  |TS  0|AC  0|TAMS 0x000000070cb00000, 0x000000070cb00000|
| 172|0x000000070cc00000, 0x000000070cc00000, 0x000000070cd00000|  0%| F|  |TS  0|AC  0|TAMS 0x000000070cc00000, 0x000000070cc00000|
| 173|0x000000070cd00000, 0x000000070cd00000, 0x000000070ce00000|  0%| F|  |TS  0|AC  0|TAMS 0x000000070cd00000, 0x000000070cd00000|
| 174|0x000000070ce00000, 0x000000070ce00000, 0x000000070cf00000|  0%| F|  |TS  0|AC  0|TAMS 0x000000070ce00000, 0x000000070ce00000|
| 175|0x000000070cf00000, 0x000000070cf00000, 0x000000070d000000|  0%| F|  |TS  0|AC  0|TAMS 0x000000070cf00000, 0x000000070cf00000|
| 176|0x000000070d000000, 0x000000070d000000, 0x000000070d100000|  0%| F|  |TS  0|AC  0|TAMS 0x000000070d000000, 0x000000070d000000|
| 177|0x000000070d100000, 0x000000070d100000, 0x000000070d200000|  0%| F|  |TS  0|AC  0|TAMS 0x000000070d100000, 0x000000070d100000|
| 178|0x000000070d200000, 0x000000070d200000, 0x000000070d300000|  0%| F|  |TS  0|AC  0|TAMS 0x000000070d200000, 0x000000070d200000|
| 179|0x000000070d300000, 0x000000070d300000, 0x000000070d400000|  0%| F|  |TS  0|AC  0|TAMS 0x000000070d300000, 0x000000070d300000|
| 180|0x000000070d400000, 0x000000070d400000, 0x000000070d500000|  0%| F|  |TS  0|AC  0|TAMS 0x000000070d400000, 0x000000070d400000|
| 181|0x000000070d500000, 0x000000070d500000, 0x000000070d600000|  0%| F|  |TS  0|AC  0|TAMS 0x000000070d500000, 0x000000070d500000|
| 182|0x000000070d600000, 0x000000070d600000, 0x000000070d700000|  0%| F|  |TS  0|AC  0|TAMS 0x000000070d600000, 0x000000070d600000|
| 183|0x000000070d700000, 0x000000070d7d7a60, 0x000000070d800000| 84%| E|  |TS  0|AC  0|TAMS 0x000000070d700000, 0x000000070d700000|
| 184|0x000000070d800000, 0x000000070d900000, 0x000000070d900000|100%| E|CS|TS  0|AC  0|TAMS 0x000000070d800000, 0x000000070d800000|
| 185|0x000000070d900000, 0x000000070da00000, 0x000000070da00000|100%| E|CS|TS  0|AC  0|TAMS 0x000000070d900000, 0x000000070d900000|
| 186|0x000000070da00000, 0x000000070db00000, 0x000000070db00000|100%| E|CS|TS  0|AC  0|TAMS 0x000000070da00000, 0x000000070da00000|
| 187|0x000000070db00000, 0x000000070dc00000, 0x000000070dc00000|100%| E|CS|TS  0|AC  0|TAMS 0x000000070db00000, 0x000000070db00000|
| 188|0x000000070dc00000, 0x000000070dd00000, 0x000000070dd00000|100%| E|CS|TS  0|AC  0|TAMS 0x000000070dc00000, 0x000000070dc00000|
| 189|0x000000070dd00000, 0x000000070de00000, 0x000000070de00000|100%| E|CS|TS  0|AC  0|TAMS 0x000000070dd00000, 0x000000070dd00000|

Card table byte_map: [0x0000021cedfb0000,0x0000021cee5a0000] byte_map_base: 0x0000021cea7a0000

Marking Bits (Prev, Next): (CMBitMap*) 0x0000021cd1b59c20, (CMBitMap*) 0x0000021cd1b59c58
 Prev Bits: [0x0000021ceeb90000, 0x0000021cf1b10000)
 Next Bits: [0x0000021cf1b10000, 0x0000021cf4a90000)

Polling page: 0x0000021cd1bf0000

CodeHeap 'non-profiled nmethods': size=120064Kb used=175Kb max_used=175Kb free=119888Kb
 bounds [0x0000021ce5960000, 0x0000021ce5bd0000, 0x0000021cecea0000]
CodeHeap 'profiled nmethods': size=120000Kb used=975Kb max_used=975Kb free=119024Kb
 bounds [0x0000021cde430000, 0x0000021cde6a0000, 0x0000021ce5960000]
CodeHeap 'non-nmethods': size=5696Kb used=1209Kb max_used=1221Kb free=4486Kb
 bounds [0x0000021cddea0000, 0x0000021cde110000, 0x0000021cde430000]
 total_blobs=1050 nmethods=560 adapters=273
 compilation: enabled

Compilation events (10 events):
Event: 0.549 Thread 0x0000021cf7a73000 nmethod 554 0x0000021cde521090 code [0x0000021cde5212c0, 0x0000021cde521c00]
Event: 0.550 Thread 0x0000021cf7a73000  555   !   3       java.util.jar.JarFile::isMultiRelease (33 bytes)
Event: 0.551 Thread 0x0000021cf7a73000 nmethod 555 0x0000021cde521f10 code [0x0000021cde5220c0, 0x0000021cde522310]
Event: 0.551 Thread 0x0000021cf7a73000  556       3       java.util.ArrayList::get (15 bytes)
Event: 0.551 Thread 0x0000021cf7a73000 nmethod 556 0x0000021cde522410 code [0x0000021cde522640, 0x0000021cde522e30]
Event: 0.554 Thread 0x0000021cf7a71800 nmethod 553 0x0000021ce598ae10 code [0x0000021ce598afa0, 0x0000021ce598b2d8]
Event: 0.555 Thread 0x0000021cf7a73000  557       3       java.util.Arrays::copyOf (10 bytes)
Event: 0.556 Thread 0x0000021cf7a73000 nmethod 557 0x0000021cde523110 code [0x0000021cde5232c0, 0x0000021cde5234f0]
Event: 7440.174 Thread 0x0000021cf7a73000  560       3       java.lang.ref.ReferenceQueue::reallyPoll (65 bytes)
Event: 7440.174 Thread 0x0000021cf7a73000 nmethod 560 0x0000021cde523610 code [0x0000021cde5237e0, 0x0000021cde523d78]

GC Heap History (0 events):
No events

Deoptimization events (1 events):
Event: 0.348 Thread 0x0000021cd1af4000 Uncommon trap: reason=unstable_if action=reinterpret pc=0x0000021ce596c180 method=java.lang.String.charAt(I)C @ 4 c2

Classes redefined (10 events):
Event: 8584.031 Thread 0x0000021cf79e9000 redefined class name=classTests.strategy.testRandom, count=7
Event: 8590.951 Thread 0x0000021cf79e9000 redefined class name=classTests.strategy.testRandom, count=8
Event: 8626.748 Thread 0x0000021cf79e9000 redefined class name=classTests.strategy.testRandom, count=9
Event: 8691.645 Thread 0x0000021cf79e9000 redefined class name=classTests.strategy.testRandom, count=10
Event: 8699.179 Thread 0x0000021cf79e9000 redefined class name=classTests.strategy.testRandom, count=11
Event: 8723.171 Thread 0x0000021cf79e9000 redefined class name=classTests.strategy.testRandom, count=12
Event: 8741.183 Thread 0x0000021cf79e9000 redefined class name=classTests.strategy.testRandom, count=13
Event: 9530.658 Thread 0x0000021cf79e9000 redefined class name=classTests.strategy.testRandom, count=14
Event: 12644.565 Thread 0x0000021cf79e9000 redefined class name=classTests.strategy.testRandom, count=15
Event: 13421.303 Thread 0x0000021cf79e9000 redefined class name=classTests.strategy.testRandom, count=16

Internal exceptions (6 events):
Event: 0.451 Thread 0x0000021cd1af4000 Exception <a 'java/lang/NoSuchMethodError'{0x000000070d82ad30}: java.lang.invoke.DirectMethodHandle$Holder.invokeInterface(Ljava/lang/Object;Ljava/lang/Object;Ljava/lang/Object;)I> (0x000000070d82ad30) thrown at [t:/workspace/hotspot/src/share/vm/interpre
Event: 0.457 Thread 0x0000021cd1af4000 Exception <a 'java/lang/NoSuchMethodError'{0x000000070d837278}: java.lang.invoke.DirectMethodHandle$Holder.invokeStatic(Ljava/lang/Object;Ljava/lang/Object;)I> (0x000000070d837278) thrown at [t:/workspace/hotspot/src/share/vm/interpreter/linkResolver.cpp,
Event: 0.460 Thread 0x0000021cd1af4000 Exception <a 'java/lang/NoSuchMethodError'{0x000000070d844330}: java.lang.Object.of([Ljava/lang/Object;)Ljava/util/stream/Stream;> (0x000000070d844330) thrown at [t:/workspace/hotspot/src/share/vm/interpreter/linkResolver.cpp, line 731]
Event: 0.505 Thread 0x0000021cd1af4000 Exception <a 'java/lang/NoSuchMethodError'{0x000000070d716a58}: java.lang.Object.lambda$negate$3(I)Z> (0x000000070d716a58) thrown at [t:/workspace/hotspot/src/share/vm/interpreter/linkResolver.cpp, line 731]
Event: 0.507 Thread 0x0000021cd1af4000 Exception <a 'java/lang/NoSuchMethodError'{0x000000070d71a2d8}: java.lang.Object.lambda$union$3(Ljava/util/regex/Pattern$CharPredicate;I)Z> (0x000000070d71a2d8) thrown at [t:/workspace/hotspot/src/share/vm/interpreter/linkResolver.cpp, line 731]
Event: 0.513 Thread 0x0000021cd1af4000 Exception <a 'java/lang/NoSuchMethodError'{0x000000070d7324b0}: java.lang.Object.lambda$union$2(Ljava/util/regex/Pattern$CharPredicate;I)Z> (0x000000070d7324b0) thrown at [t:/workspace/hotspot/src/share/vm/interpreter/linkResolver.cpp, line 731]

Events (10 events):
Event: 13425.555 Executing VM operation: GetOwnedMonitorInfo done
Event: 13426.390 Executing VM operation: GetFrameCount
Event: 13426.390 Executing VM operation: GetFrameCount done
Event: 13426.391 Executing VM operation: GetOwnedMonitorInfo
Event: 13426.391 Executing VM operation: GetOwnedMonitorInfo done
Event: 13426.391 Executing VM operation: GetCurrentContendedMonitor
Event: 13426.391 Executing VM operation: GetCurrentContendedMonitor done
Event: 13426.547 Executing VM operation: GetFrameLocation
Event: 13426.547 Executing VM operation: GetFrameLocation done
Event: 13426.547 Executing VM operation: GetOrSetLocal


Dynamic libraries:
0x00007ff787840000 - 0x00007ff78787e000 	C:\Program Files\Java\jdk-9.0.4\bin\javaw.exe
0x00007ff8892f0000 - 0x00007ff8894d1000 	C:\WINDOWS\SYSTEM32\ntdll.dll
0x00007ff888580000 - 0x00007ff888632000 	C:\WINDOWS\System32\KERNEL32.DLL
0x00007ff8856c0000 - 0x00007ff885933000 	C:\WINDOWS\System32\KERNELBASE.dll
0x00007ff888e50000 - 0x00007ff888ef1000 	C:\WINDOWS\System32\ADVAPI32.dll
0x00007ff889220000 - 0x00007ff8892be000 	C:\WINDOWS\System32\msvcrt.dll
0x00007ff8890e0000 - 0x00007ff88913b000 	C:\WINDOWS\System32\sechost.dll
0x00007ff888f00000 - 0x00007ff889024000 	C:\WINDOWS\System32\RPCRT4.dll
0x00007ff888cc0000 - 0x00007ff888e50000 	C:\WINDOWS\System32\USER32.dll
0x00007ff886630000 - 0x00007ff886650000 	C:\WINDOWS\System32\win32u.dll
0x00007ff886e80000 - 0x00007ff886ea8000 	C:\WINDOWS\System32\GDI32.dll
0x00007ff886430000 - 0x00007ff8865c2000 	C:\WINDOWS\System32\gdi32full.dll
0x00007ff886150000 - 0x00007ff8861ef000 	C:\WINDOWS\System32\msvcp_win.dll
0x00007ff886050000 - 0x00007ff88614a000 	C:\WINDOWS\System32\ucrtbase.dll
0x00007ff87b4f0000 - 0x00007ff87b759000 	C:\WINDOWS\WinSxS\amd64_microsoft.windows.common-controls_6595b64144ccf1df_6.0.17134.407_none_fb449d63306391e9\COMCTL32.dll
0x00007ff886b50000 - 0x00007ff886e72000 	C:\WINDOWS\System32\combase.dll
0x00007ff886650000 - 0x00007ff8866ca000 	C:\WINDOWS\System32\bcryptPrimitives.dll
0x00007ff87fa80000 - 0x00007ff87fa8a000 	C:\WINDOWS\SYSTEM32\VERSION.dll
0x00007ff8891e0000 - 0x00007ff88920d000 	C:\WINDOWS\System32\IMM32.DLL
0x00007ff86a4a0000 - 0x00007ff86a58f000 	C:\Program Files\Java\jdk-9.0.4\bin\msvcr120.dll
0x00007ff869200000 - 0x00007ff8692a6000 	C:\Program Files\Java\jdk-9.0.4\bin\msvcp120.dll
0x000000005e7b0000 - 0x000000005f1d5000 	C:\Program Files\Java\jdk-9.0.4\bin\server\jvm.dll
0x00007ff887110000 - 0x00007ff887118000 	C:\WINDOWS\System32\PSAPI.DLL
0x00007ff882350000 - 0x00007ff882373000 	C:\WINDOWS\SYSTEM32\WINMM.dll
0x00007ff8841e0000 - 0x00007ff8841e9000 	C:\WINDOWS\SYSTEM32\WSOCK32.dll
0x00007ff888640000 - 0x00007ff8886ac000 	C:\WINDOWS\System32\WS2_32.dll
0x00007ff882320000 - 0x00007ff88234a000 	C:\WINDOWS\SYSTEM32\winmmbase.dll
0x00007ff8863e0000 - 0x00007ff886429000 	C:\WINDOWS\System32\cfgmgr32.dll
0x00007ff87be70000 - 0x00007ff87be7f000 	C:\Program Files\Java\jdk-9.0.4\bin\verify.dll
0x00007ff87a9c0000 - 0x00007ff87a9e7000 	C:\Program Files\Java\jdk-9.0.4\bin\java.dll
0x00007ff876b50000 - 0x00007ff876b86000 	C:\Program Files\Java\jdk-9.0.4\bin\jdwp.dll
0x00007ff87b2e0000 - 0x00007ff87b2f6000 	C:\Program Files\Java\jdk-9.0.4\bin\zip.dll
0x00007ff87ba90000 - 0x00007ff87ba9a000 	C:\Program Files\Java\jdk-9.0.4\bin\jimage.dll
0x00007ff887140000 - 0x00007ff88857f000 	C:\WINDOWS\System32\SHELL32.dll
0x00007ff889030000 - 0x00007ff8890d9000 	C:\WINDOWS\System32\shcore.dll
0x00007ff885940000 - 0x00007ff88604d000 	C:\WINDOWS\System32\windows.storage.dll
0x00007ff887050000 - 0x00007ff8870a1000 	C:\WINDOWS\System32\shlwapi.dll
0x00007ff8856a0000 - 0x00007ff8856b1000 	C:\WINDOWS\System32\kernel.appcore.dll
0x00007ff885660000 - 0x00007ff88567f000 	C:\WINDOWS\System32\profapi.dll
0x00007ff885610000 - 0x00007ff88565c000 	C:\WINDOWS\System32\powrprof.dll
0x00007ff885600000 - 0x00007ff88560a000 	C:\WINDOWS\System32\FLTLIB.DLL
0x00007ff87b1c0000 - 0x00007ff87b1da000 	C:\Program Files\Java\jdk-9.0.4\bin\net.dll
0x00007ff8808d0000 - 0x00007ff8809ac000 	C:\WINDOWS\SYSTEM32\WINHTTP.dll
0x00007ff884e60000 - 0x00007ff884ec6000 	C:\WINDOWS\system32\mswsock.dll
0x00007ff87a9a0000 - 0x00007ff87a9b1000 	C:\Program Files\Java\jdk-9.0.4\bin\nio.dll
0x00007ff87ba30000 - 0x00007ff87ba3a000 	C:\Program Files\Java\jdk-9.0.4\bin\dt_socket.dll
0x00007ff884c20000 - 0x00007ff884cde000 	C:\WINDOWS\SYSTEM32\DNSAPI.dll
0x00007ff889210000 - 0x00007ff889218000 	C:\WINDOWS\System32\NSI.dll
0x00007ff884be0000 - 0x00007ff884c18000 	C:\WINDOWS\SYSTEM32\IPHLPAPI.DLL
0x00007ff8795c0000 - 0x00007ff879632000 	C:\WINDOWS\System32\fwpuclnt.dll
0x00007ff885140000 - 0x00007ff885165000 	C:\WINDOWS\SYSTEM32\bcrypt.dll
0x00007ff87c320000 - 0x00007ff87c32a000 	C:\Windows\System32\rasadhlp.dll
0x00007ff883e80000 - 0x00007ff884049000 	C:\WINDOWS\SYSTEM32\dbghelp.dll

VM Arguments:
jvm_args: -agentlib:jdwp=transport=dt_socket,suspend=y,address=localhost:52045 -ea -Dfile.encoding=GBK 
java_command: org.eclipse.jdt.internal.junit.runner.RemoteTestRunner -version 3 -port 52044 -testLoaderClass org.eclipse.jdt.internal.junit4.runner.JUnit4TestLoader -loaderpluginname org.eclipse.jdt.junit4.runtime -classNames classTests.strategy.testRandom
java_class_path (initial): C:\Users\Admin\Documents\GitHub\Soen-6441-Risk-Game\Soen-6441-Risk-Game\bin;C:\Users\Admin\.p2\pool\plugins\org.junit_4.12.0.v201504281640\junit.jar;C:\Users\Admin\.p2\pool\plugins\org.hamcrest.core_1.3.0.v201303031735.jar;C:\Users\Admin\eclipse\java-oxygen\eclipse\configuration\org.eclipse.osgi\555\0\.cp;C:\Users\Admin\eclipse\java-oxygen\eclipse\configuration\org.eclipse.osgi\554\0\.cp
Launcher Type: SUN_STANDARD

Logging:
Log output configuration:
#0: stdout all=warning uptime,level,tags
#1: stderr all=off uptime,level,tags

Environment Variables:
JAVA_HOME=C:\Program Files\Java\jdk-9.0.4
PATH=C:\Program Files (x86)\Common Files\Oracle\Java\javapath;C:\ProgramData\Oracle\Java\javapath;C:\Program Files (x86)\Intel\iCLS Client\;C:\Program Files\Intel\iCLS Client\;C:\Windows\system32;C:\Windows;C:\Windows\System32\Wbem;C:\Windows\System32\WindowsPowerShell\v1.0\;C:\Program Files (x86)\Intel\Intel(R) Management Engine Components\DAL;C:\Program Files\Intel\Intel(R) Management Engine Components\DAL;C:\Program Files (x86)\Intel\Intel(R) Management Engine Components\IPT;C:\Program Files\Intel\Intel(R) Management Engine Components\IPT;C:\Program Files (x86)\NVIDIA Corporation\PhysX\Common;C:\WINDOWS\system32;C:\WINDOWS;C:\WINDOWS\System32\Wbem;"C:\WINDOWS\System32\WindowsPowerShell\v1.0\;C:\apache-maven-3.5.2-bin\apache-maven-3.5.2\bin";C:\Program Files\Git\cmd;C:\Program Files\Java\jdk-9.0.4\bin;C:\apache-maven-3.5.2-bin\apache-maven-3.5.2\bin;;C:\WINDOWS\System32\WindowsPowerShell\v1.0\;C:\Program Files (x86)\Brackets\command;C:\WINDOWS\System32\OpenSSH\;C:\Users\Admin\AppData\Local\Microsoft\WindowsApps;C:\Users\Admin\AppData\Local\GitHubDesktop\bin
USERNAME=Admin
OS=Windows_NT
PROCESSOR_IDENTIFIER=Intel64 Family 6 Model 78 Stepping 3, GenuineIntel



---------------  S Y S T E M  ---------------

OS: Windows 10 , 64 bit Build 17134 (10.0.17134.1)

CPU:total 4 (initial active 4) (2 cores per cpu, 2 threads per core) family 6 model 78 stepping 3, cmov, cx8, fxsr, mmx, sse, sse2, sse3, ssse3, sse4.1, sse4.2, popcnt, avx, avx2, aes, clmul, erms, 3dnowpref, lzcnt, ht, tsc, tscinvbit, bmi1, bmi2, adx, fma

Memory: 4k page, physical 12448556k(6407300k free), swap 14849228k(5895444k free)

vm_info: Java HotSpot(TM) 64-Bit Server VM (9.0.4+11) for windows-amd64 JRE (9.0.4+11), built on Dec 20 2017 02:18:54 by "mach5one" with MS VC++ 12.0 (VS2013)

END.
